<?xml version="1.0" encoding="UTF-8"?>
<!-- Generated by org.testng.reporters.JUnitReportReporter -->
<testsuite hostname="LP5-IT953-IND" failures="0" tests="1" name="com.inetBanking.testCases.TC_AddCustomerTest_003" time="13.157" errors="0" timestamp="11 Apr 2021 17:04:42 GMT" skipped="0">
  <testcase classname="com.inetBanking.testCases.TC_AddCustomerTest_003" name="addNewCustomer" time="13.157"/>
</testsuite> <!-- com.inetBanking.testCases.TC_AddCustomerTest_003 -->
