<?xml version="1.0" encoding="UTF-8"?>
<!-- Generated by org.testng.reporters.JUnitReportReporter -->
<testsuite hostname="LP5-IT953-IND" failures="0" tests="1" name="com.inetBanking.testCases.TC_LoginTest_001" time="3.313" errors="0" timestamp="13 Apr 2021 09:10:58 GMT" skipped="0">
  <testcase classname="com.inetBanking.testCases.TC_LoginTest_001" name="loginTest" time="3.313"/>
</testsuite> <!-- com.inetBanking.testCases.TC_LoginTest_001 -->
